<?xml version="1.0" encoding="UTF-8"?>
<!-- Generated by org.testng.reporters.JUnitReportReporter -->
<testsuite hostname="Lenovo2" name="TestCase.TC002_Create_an_Account" tests="1" failures="0" timestamp="2 Oct 2019 06:56:09 GMT" time="0.000" errors="1">
  <testcase name="TC002_Create_An_Account" time="0.000" classname="TestCase.TC002_Create_an_Account"/>
</testsuite> <!-- TestCase.TC002_Create_an_Account -->
