<?xml version="1.0" encoding="UTF-8"?>
<!-- Generated by org.testng.reporters.JUnitReportReporter -->
<testsuite hostname="Lenovo2" name="TestCase.LogintoApplication" tests="1" failures="0" timestamp="27 Sep 2019 10:03:18 GMT" time="23.603" errors="0">
  <testcase name="LogintoApplication" time="23.603" classname="TestCase.LogintoApplication"/>
</testsuite> <!-- TestCase.LogintoApplication -->
