<?xml version="1.0" encoding="UTF-8"?>
<!-- Generated by org.testng.reporters.JUnitReportReporter -->
<testsuite hostname="Lenovo2" name="TestCase.TC001_Create_an_Account" tests="1" failures="0" timestamp="3 Oct 2019 06:28:42 GMT" time="35.587" errors="0">
  <testcase name="TC001_Create_An_Account" time="35.587" classname="TestCase.TC001_Create_an_Account"/>
</testsuite> <!-- TestCase.TC001_Create_an_Account -->
