<?xml version="1.0" encoding="UTF-8"?>
<!-- Generated by org.testng.reporters.JUnitReportReporter -->
<testsuite hostname="Lenovo2" name="TestCase.AssertTest" tests="1" failures="0" timestamp="2 Oct 2019 12:36:02 GMT" time="0.026" errors="0">
  <testcase name="testassertclass" time="0.026" classname="TestCase.AssertTest"/>
</testsuite> <!-- TestCase.AssertTest -->
